==4133== Memcheck, a memory error detector
==4133== Copyright (C) 2002-2017, and GNU GPL'd, by Julian Seward et al.
==4133== Using Valgrind-3.13.0 and LibVEX; rerun with -h for copyright info
==4133== Command: ./copy_argv
==4133== 
--4133-- Valgrind options:
--4133--    --leak-check=full
--4133--    -v
--4133-- Contents of /proc/version:
--4133--   Linux version 4.15.0-213-generic (buildd@lcy02-amd64-079) (gcc version 7.5.0 (Ubuntu 7.5.0-3ubuntu1~18.04)) #224-Ubuntu SMP Mon Jun 19 13:30:12 UTC 2023
--4133-- 
--4133-- Arch and hwcaps: AMD64, LittleEndian, amd64-cx16-lzcnt-rdtscp-sse3-avx-avx2-bmi
--4133-- Page sizes: currently 4096, max supported 4096
--4133-- Valgrind library directory: /usr/lib/valgrind
--4133-- Reading syms from /home/kugeles/Courses/2023/Fall/COMP251/Code/DiS/3.3/copy_argv
--4133-- Reading syms from /lib/x86_64-linux-gnu/ld-2.27.so
--4133--   Considering /lib/x86_64-linux-gnu/ld-2.27.so ..
--4133--   .. CRC mismatch (computed 2977d8b2 wanted c64f09ed)
--4133--   Considering /usr/lib/debug/lib/x86_64-linux-gnu/ld-2.27.so ..
--4133--   .. CRC is valid
--4133-- Reading syms from /usr/lib/valgrind/memcheck-amd64-linux
--4133--   Considering /usr/lib/valgrind/memcheck-amd64-linux ..
--4133--   .. CRC mismatch (computed 41ddb025 wanted 9972f546)
--4133--    object doesn't have a symbol table
--4133--    object doesn't have a dynamic symbol table
--4133-- Scheduler: using generic scheduler lock implementation.
--4133-- Reading suppressions file: /usr/lib/valgrind/default.supp
==4133== embedded gdbserver: reading from /tmp/vgdb-pipe-from-vgdb-to-4133-by-kugeles-on-???
==4133== embedded gdbserver: writing to   /tmp/vgdb-pipe-to-vgdb-from-4133-by-kugeles-on-???
==4133== embedded gdbserver: shared mem   /tmp/vgdb-pipe-shared-mem-vgdb-4133-by-kugeles-on-???
==4133== 
==4133== TO CONTROL THIS PROCESS USING vgdb (which you probably
==4133== don't want to do, unless you know exactly what you're doing,
==4133== or are doing some strange experiment):
==4133==   /usr/lib/valgrind/../../bin/vgdb --pid=4133 ...command...
==4133== 
==4133== TO DEBUG THIS PROCESS USING GDB: start GDB like this
==4133==   /path/to/gdb ./copy_argv
==4133== and then give GDB the following command
==4133==   target remote | /usr/lib/valgrind/../../bin/vgdb --pid=4133
==4133== --pid is optional if only one valgrind process is running
==4133== 
--4133-- REDIR: 0x4020d20 (ld-linux-x86-64.so.2:strlen) redirected to 0x580608c1 (???)
--4133-- REDIR: 0x4020b00 (ld-linux-x86-64.so.2:index) redirected to 0x580608db (???)
--4133-- Reading syms from /usr/lib/valgrind/vgpreload_core-amd64-linux.so
--4133--   Considering /usr/lib/valgrind/vgpreload_core-amd64-linux.so ..
--4133--   .. CRC mismatch (computed 50df1b30 wanted 4800a4cf)
--4133--    object doesn't have a symbol table
--4133-- Reading syms from /usr/lib/valgrind/vgpreload_memcheck-amd64-linux.so
--4133--   Considering /usr/lib/valgrind/vgpreload_memcheck-amd64-linux.so ..
--4133--   .. CRC mismatch (computed f893b962 wanted 95ee359e)
--4133--    object doesn't have a symbol table
==4133== WARNING: new redirection conflicts with existing -- ignoring it
--4133--     old: 0x04020d20 (strlen              ) R-> (0000.0) 0x580608c1 ???
--4133--     new: 0x04020d20 (strlen              ) R-> (2007.0) 0x04c34db0 strlen
--4133-- REDIR: 0x401d540 (ld-linux-x86-64.so.2:strcmp) redirected to 0x4c35ee0 (strcmp)
--4133-- REDIR: 0x4021260 (ld-linux-x86-64.so.2:mempcpy) redirected to 0x4c394f0 (mempcpy)
--4133-- Reading syms from /lib/x86_64-linux-gnu/libc-2.27.so
--4133--   Considering /lib/x86_64-linux-gnu/libc-2.27.so ..
--4133--   .. CRC mismatch (computed f250d419 wanted 4aacab51)
--4133--   Considering /usr/lib/debug/lib/x86_64-linux-gnu/libc-2.27.so ..
--4133--   .. CRC is valid
--4133-- REDIR: 0x4edca50 (libc.so.6:memmove) redirected to 0x4a2c6e0 (_vgnU_ifunc_wrapper)
--4133-- REDIR: 0x4edbd60 (libc.so.6:strncpy) redirected to 0x4a2c6e0 (_vgnU_ifunc_wrapper)
--4133-- REDIR: 0x4edcd30 (libc.so.6:strcasecmp) redirected to 0x4a2c6e0 (_vgnU_ifunc_wrapper)
--4133-- REDIR: 0x4edb7b0 (libc.so.6:strcat) redirected to 0x4a2c6e0 (_vgnU_ifunc_wrapper)
--4133-- REDIR: 0x4edbd90 (libc.so.6:rindex) redirected to 0x4a2c6e0 (_vgnU_ifunc_wrapper)
--4133-- REDIR: 0x4ede480 (libc.so.6:rawmemchr) redirected to 0x4a2c6e0 (_vgnU_ifunc_wrapper)
--4133-- REDIR: 0x4edcbc0 (libc.so.6:mempcpy) redirected to 0x4a2c6e0 (_vgnU_ifunc_wrapper)
--4133-- REDIR: 0x4edc9f0 (libc.so.6:bcmp) redirected to 0x4a2c6e0 (_vgnU_ifunc_wrapper)
--4133-- REDIR: 0x4edbd20 (libc.so.6:strncmp) redirected to 0x4a2c6e0 (_vgnU_ifunc_wrapper)
--4133-- REDIR: 0x4edb820 (libc.so.6:strcmp) redirected to 0x4a2c6e0 (_vgnU_ifunc_wrapper)
--4133-- REDIR: 0x4edcb20 (libc.so.6:memset) redirected to 0x4a2c6e0 (_vgnU_ifunc_wrapper)
--4133-- REDIR: 0x4ef9db0 (libc.so.6:wcschr) redirected to 0x4a2c6e0 (_vgnU_ifunc_wrapper)
--4133-- REDIR: 0x4edbcc0 (libc.so.6:strnlen) redirected to 0x4a2c6e0 (_vgnU_ifunc_wrapper)
--4133-- REDIR: 0x4edb890 (libc.so.6:strcspn) redirected to 0x4a2c6e0 (_vgnU_ifunc_wrapper)
--4133-- REDIR: 0x4edcd80 (libc.so.6:strncasecmp) redirected to 0x4a2c6e0 (_vgnU_ifunc_wrapper)
--4133-- REDIR: 0x4edb860 (libc.so.6:strcpy) redirected to 0x4a2c6e0 (_vgnU_ifunc_wrapper)
--4133-- REDIR: 0x4edcec0 (libc.so.6:memcpy@@GLIBC_2.14) redirected to 0x4a2c6e0 (_vgnU_ifunc_wrapper)
--4133-- REDIR: 0x4edbdc0 (libc.so.6:strpbrk) redirected to 0x4a2c6e0 (_vgnU_ifunc_wrapper)
--4133-- REDIR: 0x4edb7e0 (libc.so.6:index) redirected to 0x4a2c6e0 (_vgnU_ifunc_wrapper)
--4133-- REDIR: 0x4edbc90 (libc.so.6:strlen) redirected to 0x4a2c6e0 (_vgnU_ifunc_wrapper)
--4133-- REDIR: 0x4ee6380 (libc.so.6:memrchr) redirected to 0x4a2c6e0 (_vgnU_ifunc_wrapper)
--4133-- REDIR: 0x4edcdd0 (libc.so.6:strcasecmp_l) redirected to 0x4a2c6e0 (_vgnU_ifunc_wrapper)
--4133-- REDIR: 0x4edc9c0 (libc.so.6:memchr) redirected to 0x4a2c6e0 (_vgnU_ifunc_wrapper)
--4133-- REDIR: 0x4efab70 (libc.so.6:wcslen) redirected to 0x4a2c6e0 (_vgnU_ifunc_wrapper)
--4133-- REDIR: 0x4edc070 (libc.so.6:strspn) redirected to 0x4a2c6e0 (_vgnU_ifunc_wrapper)
--4133-- REDIR: 0x4edcd00 (libc.so.6:stpncpy) redirected to 0x4a2c6e0 (_vgnU_ifunc_wrapper)
--4133-- REDIR: 0x4edccd0 (libc.so.6:stpcpy) redirected to 0x4a2c6e0 (_vgnU_ifunc_wrapper)
--4133-- REDIR: 0x4ede4b0 (libc.so.6:strchrnul) redirected to 0x4a2c6e0 (_vgnU_ifunc_wrapper)
--4133-- REDIR: 0x4edce20 (libc.so.6:strncasecmp_l) redirected to 0x4a2c6e0 (_vgnU_ifunc_wrapper)
--4133-- REDIR: 0x4fcc280 (libc.so.6:__strrchr_avx2) redirected to 0x4c34730 (rindex)
--4133-- REDIR: 0x4ed5020 (libc.so.6:malloc) redirected to 0x4c31aa0 (malloc)
--4133-- REDIR: 0x4fcc450 (libc.so.6:__strlen_avx2) redirected to 0x4c34cf0 (strlen)
--4133-- REDIR: 0x4fcc990 (libc.so.6:__memcpy_avx_unaligned_erms) redirected to 0x4c386e0 (memmove)
--4133-- REDIR: 0x4fcc970 (libc.so.6:__mempcpy_avx_unaligned_erms) redirected to 0x4c39130 (mempcpy)
--4133-- REDIR: 0x4ed5910 (libc.so.6:free) redirected to 0x4c32cd0 (free)
==4133== 
==4133== HEAP SUMMARY:
==4133==     in use at exit: 12 bytes in 1 blocks
==4133==   total heap usage: 3 allocs, 2 frees, 1,052 bytes allocated
==4133== 
==4133== Searching for pointers to 1 not-freed blocks
==4133== Checked 69,992 bytes
==4133== 
==4133== 12 bytes in 1 blocks are definitely lost in loss record 1 of 1
==4133==    at 0x4C31B0F: malloc (in /usr/lib/valgrind/vgpreload_memcheck-amd64-linux.so)
==4133==    by 0x4EDB9D9: strdup (strdup.c:42)
==4133==    by 0x10877C: main (copy_argv.c:15)
==4133== 
==4133== LEAK SUMMARY:
==4133==    definitely lost: 12 bytes in 1 blocks
==4133==    indirectly lost: 0 bytes in 0 blocks
==4133==      possibly lost: 0 bytes in 0 blocks
==4133==    still reachable: 0 bytes in 0 blocks
==4133==         suppressed: 0 bytes in 0 blocks
==4133== 
==4133== ERROR SUMMARY: 1 errors from 1 contexts (suppressed: 0 from 0)
==4133== ERROR SUMMARY: 1 errors from 1 contexts (suppressed: 0 from 0)
